<?xml version="1.0" encoding="UTF-8"?>
<testng-results ignored="0" total="1" passed="1" failed="0" skipped="0">
  <reporter-output>
  </reporter-output>
  <suite started-at="2021-08-07T17:39:29Z" name="Default suite" finished-at="2021-08-07T17:40:04Z" duration-ms="34677">
    <groups>
    </groups>
    <test started-at="2021-08-07T17:39:29Z" name="Default test" finished-at="2021-08-07T17:40:04Z" duration-ms="34677">
      <class name="com.pages.BaseTest">
        <test-method is-config="true" signature="setup()[pri:0, instance:com.pages.BaseTest@24c4ddae]" started-at="2021-08-07T17:39:29Z" name="setup" finished-at="2021-08-07T17:40:04Z" duration-ms="34577" status="PASS">
          <reporter-output>
          </reporter-output>
        </test-method> <!-- setup -->
        <test-method signature="sampletest()[pri:0, instance:com.pages.BaseTest@24c4ddae]" started-at="2021-08-07T17:40:04Z" name="sampletest" finished-at="2021-08-07T17:40:04Z" duration-ms="8" status="PASS">
          <reporter-output>
          </reporter-output>
        </test-method> <!-- sampletest -->
        <test-method is-config="true" signature="teardown()[pri:0, instance:com.pages.BaseTest@24c4ddae]" started-at="2021-08-07T17:40:04Z" name="teardown" finished-at="2021-08-07T17:40:04Z" duration-ms="1" status="PASS">
          <reporter-output>
          </reporter-output>
        </test-method> <!-- teardown -->
      </class> <!-- com.pages.BaseTest -->
    </test> <!-- Default test -->
  </suite> <!-- Default suite -->
</testng-results>
